<?xml version="1.0" encoding="UTF-8"?>
<!-- Generated by org.testng.reporters.JUnitReportReporter -->
<testsuite hostname="BLRCND50004561" failures="0" tests="1" name="tests.loginTest" time="31.640" errors="0" timestamp="2021-11-17T21:47:42 IST" skipped="0">
  <testcase classname="tests.loginTest" name="Login" time="31.640"/>
  <system-out/>
</testsuite> <!-- tests.loginTest -->
